Der Buildvorgang wurde am 23.07.2014 11:21:36 gestartet.
     1>Projekt "C:\Users\Fabian\Desktop\SWT_Projekt\140723_Version 2\THM_SWT_Projekt_SS14\THM_SWT_Projekt_SS14\THM_SWT_Projekt_SS14.vcxproj" auf Knoten "2", Build Ziel(e).
     1>Link:
         C:\Program Files (x86)\Microsoft Visual Studio 11.0\VC\bin\link.exe /ERRORREPORT:PROMPT /OUT:"C:\Users\Fabian\Desktop\SWT_Projekt\140723_Version 2\THM_SWT_Projekt_SS14\Debug\THM_SWT_Projekt_SS14.exe" /INCREMENTAL /NOLOGO "C:\gtk\lib\atk-1.0.lib" C:\gtk\lib\cairo.lib C:\gtk\lib\fontconfig.lib C:\gtk\lib\gailutil.lib "C:\gtk\lib\gdk_pixbuf-2.0.lib" "C:\gtk\lib\gdk-win32-3.0.lib" "C:\gtk\lib\gio-2.0.lib" "C:\gtk\lib\glib-2.0.lib" "C:\gtk\lib\gmodule-2.0.lib" "C:\gtk\lib\gobject-2.0.lib" "C:\gtk\lib\gthread-2.0.lib" "C:\gtk\lib\gtk-win32-3.0.lib" "C:\gtk\lib\pango-1.0.lib" "C:\gtk\lib\pangocairo-1.0.lib" "C:\gtk\lib\pangoft2-1.0.lib" "C:\gtk\lib\pangowin32-1.0.lib" "C:\curl-7.37.0\curllib.lib" /MANIFEST /MANIFESTUAC:"level='asInvoker' uiAccess='false'" /manifest:embed /DEBUG /PDB:"C:\Users\Fabian\Desktop\SWT_Projekt\140723_Version 2\THM_SWT_Projekt_SS14\Debug\THM_SWT_Projekt_SS14.pdb" /ASSEMBLYDEBUG /TLBID:1 /DYNAMICBASE /FIXED:NO /NXCOMPAT /MACHINE:X86 Debug\Controller.obj
         Debug\HTTPDownloader.obj
         Debug\main.obj
         Debug\Model.obj
         Debug\Observer_Balken.obj
         Debug\Observer_Dots.obj
         Debug\Observer_Graph.obj
         Debug\Observer_Text.obj
         "Debug\.NETFramework,Version=v4.5.AssemblyAttributes.obj"
     1>Observer_Text.obj : warning LNK4248: Nicht aufgel÷stes Typeref-Token (01000014) f³r "_cairo". Das Image kann m÷glicherweise nicht ausgef³hrt werden.
     1>Observer_Dots.obj : warning LNK4248: Nicht aufgel÷stes Typeref-Token (01000014) f³r "_cairo". Das Image kann m÷glicherweise nicht ausgef³hrt werden.
     1>Observer_Balken.obj : warning LNK4248: Nicht aufgel÷stes Typeref-Token (01000014) f³r "_cairo". Das Image kann m÷glicherweise nicht ausgef³hrt werden.
     1>main.obj : warning LNK4248: Nicht aufgel÷stes Typeref-Token (01000015) f³r "_cairo". Das Image kann m÷glicherweise nicht ausgef³hrt werden.
         THM_SWT_Projekt_SS14.vcxproj -> C:\Users\Fabian\Desktop\SWT_Projekt\140723_Version 2\THM_SWT_Projekt_SS14\Debug\THM_SWT_Projekt_SS14.exe
     1>Die Erstellung des Projekts "C:\Users\Fabian\Desktop\SWT_Projekt\140723_Version 2\THM_SWT_Projekt_SS14\THM_SWT_Projekt_SS14\THM_SWT_Projekt_SS14.vcxproj" ist abgeschlossen, Build Ziel(e).

Build erfolgreich.

Verstrichene Zeit 00:00:02.23
