D:\GITHUB\THM_SWT_PROJEKT\THM_SWT_PROJEKT_SS14\THM_SWT_PROJEKT_SS14\DEBUG\OBSERVER_TEXT.OBJ
D:\GITHUB\THM_SWT_PROJEKT\THM_SWT_PROJEKT_SS14\THM_SWT_PROJEKT_SS14\DEBUG\OBSERVER_GRAPH.OBJ
D:\GITHUB\THM_SWT_PROJEKT\THM_SWT_PROJEKT_SS14\THM_SWT_PROJEKT_SS14\DEBUG\OBSERVER_DOTS.OBJ
D:\GITHUB\THM_SWT_PROJEKT\THM_SWT_PROJEKT_SS14\THM_SWT_PROJEKT_SS14\DEBUG\OBSERVER_BALKEN.OBJ
D:\GITHUB\THM_SWT_PROJEKT\THM_SWT_PROJEKT_SS14\THM_SWT_PROJEKT_SS14\DEBUG\MODEL.OBJ
D:\GITHUB\THM_SWT_PROJEKT\THM_SWT_PROJEKT_SS14\THM_SWT_PROJEKT_SS14\DEBUG\MAIN.OBJ
D:\GITHUB\THM_SWT_PROJEKT\THM_SWT_PROJEKT_SS14\THM_SWT_PROJEKT_SS14\DEBUG\HTTPDOWNLOADER.OBJ
D:\GITHUB\THM_SWT_PROJEKT\THM_SWT_PROJEKT_SS14\THM_SWT_PROJEKT_SS14\DEBUG\CONTROLLER.OBJ
D:\GITHUB\THM_SWT_PROJEKT\THM_SWT_PROJEKT_SS14\THM_SWT_PROJEKT_SS14\DEBUG\VC110.PDB
D:\GITHUB\THM_SWT_PROJEKT\THM_SWT_PROJEKT_SS14\THM_SWT_PROJEKT_SS14\DEBUG\.NETFRAMEWORK,VERSION=V4.5.ASSEMBLYATTRIBUTES.OBJ
D:\GITHUB\THM_SWT_PROJEKT\THM_SWT_PROJEKT_SS14\DEBUG\THM_SWT_PROJEKT_SS14.ILK
D:\GITHUB\THM_SWT_PROJEKT\THM_SWT_PROJEKT_SS14\DEBUG\THM_SWT_PROJEKT_SS14.EXE
D:\GITHUB\THM_SWT_PROJEKT\THM_SWT_PROJEKT_SS14\DEBUG\THM_SWT_PROJEKT_SS14.PDB
D:\GitHub\THM_SWT_Projekt\THM_SWT_Projekt_SS14\THM_SWT_Projekt_SS14\Debug\THM_SWT_Projekt_SS14.vcxprojResolveAssemblyReference.cache
D:\GitHub\THM_SWT_Projekt\THM_SWT_Projekt_SS14\THM_SWT_Projekt_SS14\Debug\.NETFramework,Version=v4.5.AssemblyAttributes.obj
D:\GitHub\THM_SWT_Projekt\THM_SWT_Projekt_SS14\THM_SWT_Projekt_SS14\Debug\Controller.obj
D:\GitHub\THM_SWT_Projekt\THM_SWT_Projekt_SS14\THM_SWT_Projekt_SS14\Debug\HTTPDownloader.obj
D:\GitHub\THM_SWT_Projekt\THM_SWT_Projekt_SS14\THM_SWT_Projekt_SS14\Debug\main.obj
D:\GitHub\THM_SWT_Projekt\THM_SWT_Projekt_SS14\THM_SWT_Projekt_SS14\Debug\Model.obj
D:\GitHub\THM_SWT_Projekt\THM_SWT_Projekt_SS14\THM_SWT_Projekt_SS14\Debug\Observer_Balken.obj
D:\GitHub\THM_SWT_Projekt\THM_SWT_Projekt_SS14\THM_SWT_Projekt_SS14\Debug\Observer_Dots.obj
D:\GitHub\THM_SWT_Projekt\THM_SWT_Projekt_SS14\THM_SWT_Projekt_SS14\Debug\Observer_Graph.obj
D:\GitHub\THM_SWT_Projekt\THM_SWT_Projekt_SS14\THM_SWT_Projekt_SS14\Debug\Observer_Text.obj
D:\GitHub\THM_SWT_Projekt\THM_SWT_Projekt_SS14\THM_SWT_Projekt_SS14\Debug\cl.command.1.tlog
D:\GitHub\THM_SWT_Projekt\THM_SWT_Projekt_SS14\THM_SWT_Projekt_SS14\Debug\CL.read.1.tlog
D:\GitHub\THM_SWT_Projekt\THM_SWT_Projekt_SS14\THM_SWT_Projekt_SS14\Debug\CL.write.1.tlog
D:\GitHub\THM_SWT_Projekt\THM_SWT_Projekt_SS14\THM_SWT_Projekt_SS14\Debug\link.14616-cvtres.read.1.tlog
D:\GitHub\THM_SWT_Projekt\THM_SWT_Projekt_SS14\THM_SWT_Projekt_SS14\Debug\link.14616-cvtres.write.1.tlog
D:\GitHub\THM_SWT_Projekt\THM_SWT_Projekt_SS14\THM_SWT_Projekt_SS14\Debug\link.14616-rc.read.1.tlog
D:\GitHub\THM_SWT_Projekt\THM_SWT_Projekt_SS14\THM_SWT_Projekt_SS14\Debug\link.14616-rc.write.1.tlog
D:\GitHub\THM_SWT_Projekt\THM_SWT_Projekt_SS14\THM_SWT_Projekt_SS14\Debug\link.14616.read.1.tlog
D:\GitHub\THM_SWT_Projekt\THM_SWT_Projekt_SS14\THM_SWT_Projekt_SS14\Debug\link.14616.write.1.tlog
D:\GitHub\THM_SWT_Projekt\THM_SWT_Projekt_SS14\THM_SWT_Projekt_SS14\Debug\link.14620-cvtres.read.1.tlog
D:\GitHub\THM_SWT_Projekt\THM_SWT_Projekt_SS14\THM_SWT_Projekt_SS14\Debug\link.14620-cvtres.write.1.tlog
D:\GitHub\THM_SWT_Projekt\THM_SWT_Projekt_SS14\THM_SWT_Projekt_SS14\Debug\link.14620-rc.read.1.tlog
D:\GitHub\THM_SWT_Projekt\THM_SWT_Projekt_SS14\THM_SWT_Projekt_SS14\Debug\link.14620-rc.write.1.tlog
D:\GitHub\THM_SWT_Projekt\THM_SWT_Projekt_SS14\THM_SWT_Projekt_SS14\Debug\link.14620.read.1.tlog
D:\GitHub\THM_SWT_Projekt\THM_SWT_Projekt_SS14\THM_SWT_Projekt_SS14\Debug\link.14620.write.1.tlog
D:\GitHub\THM_SWT_Projekt\THM_SWT_Projekt_SS14\THM_SWT_Projekt_SS14\Debug\link.2244-cvtres.read.1.tlog
D:\GitHub\THM_SWT_Projekt\THM_SWT_Projekt_SS14\THM_SWT_Projekt_SS14\Debug\link.2244-cvtres.write.1.tlog
D:\GitHub\THM_SWT_Projekt\THM_SWT_Projekt_SS14\THM_SWT_Projekt_SS14\Debug\link.2244-rc.read.1.tlog
D:\GitHub\THM_SWT_Projekt\THM_SWT_Projekt_SS14\THM_SWT_Projekt_SS14\Debug\link.2244-rc.write.1.tlog
D:\GitHub\THM_SWT_Projekt\THM_SWT_Projekt_SS14\THM_SWT_Projekt_SS14\Debug\link.2244.read.1.tlog
D:\GitHub\THM_SWT_Projekt\THM_SWT_Projekt_SS14\THM_SWT_Projekt_SS14\Debug\link.2244.write.1.tlog
D:\GitHub\THM_SWT_Projekt\THM_SWT_Projekt_SS14\THM_SWT_Projekt_SS14\Debug\link.2796-cvtres.read.1.tlog
D:\GitHub\THM_SWT_Projekt\THM_SWT_Projekt_SS14\THM_SWT_Projekt_SS14\Debug\link.2796-cvtres.write.1.tlog
D:\GitHub\THM_SWT_Projekt\THM_SWT_Projekt_SS14\THM_SWT_Projekt_SS14\Debug\link.2796-rc.read.1.tlog
D:\GitHub\THM_SWT_Projekt\THM_SWT_Projekt_SS14\THM_SWT_Projekt_SS14\Debug\link.2796-rc.write.1.tlog
D:\GitHub\THM_SWT_Projekt\THM_SWT_Projekt_SS14\THM_SWT_Projekt_SS14\Debug\link.2796.read.1.tlog
D:\GitHub\THM_SWT_Projekt\THM_SWT_Projekt_SS14\THM_SWT_Projekt_SS14\Debug\link.2796.write.1.tlog
D:\GitHub\THM_SWT_Projekt\THM_SWT_Projekt_SS14\THM_SWT_Projekt_SS14\Debug\link.4032-cvtres.read.1.tlog
D:\GitHub\THM_SWT_Projekt\THM_SWT_Projekt_SS14\THM_SWT_Projekt_SS14\Debug\link.4032-cvtres.write.1.tlog
D:\GitHub\THM_SWT_Projekt\THM_SWT_Projekt_SS14\THM_SWT_Projekt_SS14\Debug\link.4032-rc.read.1.tlog
D:\GitHub\THM_SWT_Projekt\THM_SWT_Projekt_SS14\THM_SWT_Projekt_SS14\Debug\link.4032-rc.write.1.tlog
D:\GitHub\THM_SWT_Projekt\THM_SWT_Projekt_SS14\THM_SWT_Projekt_SS14\Debug\link.4032.read.1.tlog
D:\GitHub\THM_SWT_Projekt\THM_SWT_Projekt_SS14\THM_SWT_Projekt_SS14\Debug\link.4032.write.1.tlog
D:\GitHub\THM_SWT_Projekt\THM_SWT_Projekt_SS14\THM_SWT_Projekt_SS14\Debug\link.4164-cvtres.read.1.tlog
D:\GitHub\THM_SWT_Projekt\THM_SWT_Projekt_SS14\THM_SWT_Projekt_SS14\Debug\link.4164-cvtres.write.1.tlog
D:\GitHub\THM_SWT_Projekt\THM_SWT_Projekt_SS14\THM_SWT_Projekt_SS14\Debug\link.4164-rc.read.1.tlog
D:\GitHub\THM_SWT_Projekt\THM_SWT_Projekt_SS14\THM_SWT_Projekt_SS14\Debug\link.4164-rc.write.1.tlog
D:\GitHub\THM_SWT_Projekt\THM_SWT_Projekt_SS14\THM_SWT_Projekt_SS14\Debug\link.4164.read.1.tlog
D:\GitHub\THM_SWT_Projekt\THM_SWT_Projekt_SS14\THM_SWT_Projekt_SS14\Debug\link.4164.write.1.tlog
D:\GitHub\THM_SWT_Projekt\THM_SWT_Projekt_SS14\THM_SWT_Projekt_SS14\Debug\link.4236-cvtres.read.1.tlog
D:\GitHub\THM_SWT_Projekt\THM_SWT_Projekt_SS14\THM_SWT_Projekt_SS14\Debug\link.4236-cvtres.write.1.tlog
D:\GitHub\THM_SWT_Projekt\THM_SWT_Projekt_SS14\THM_SWT_Projekt_SS14\Debug\link.4236-rc.read.1.tlog
D:\GitHub\THM_SWT_Projekt\THM_SWT_Projekt_SS14\THM_SWT_Projekt_SS14\Debug\link.4236-rc.write.1.tlog
D:\GitHub\THM_SWT_Projekt\THM_SWT_Projekt_SS14\THM_SWT_Projekt_SS14\Debug\link.4236.read.1.tlog
D:\GitHub\THM_SWT_Projekt\THM_SWT_Projekt_SS14\THM_SWT_Projekt_SS14\Debug\link.4236.write.1.tlog
D:\GitHub\THM_SWT_Projekt\THM_SWT_Projekt_SS14\THM_SWT_Projekt_SS14\Debug\link.8180-cvtres.read.1.tlog
D:\GitHub\THM_SWT_Projekt\THM_SWT_Projekt_SS14\THM_SWT_Projekt_SS14\Debug\link.8180-cvtres.write.1.tlog
D:\GitHub\THM_SWT_Projekt\THM_SWT_Projekt_SS14\THM_SWT_Projekt_SS14\Debug\link.8180-rc.read.1.tlog
D:\GitHub\THM_SWT_Projekt\THM_SWT_Projekt_SS14\THM_SWT_Projekt_SS14\Debug\link.8180-rc.write.1.tlog
D:\GitHub\THM_SWT_Projekt\THM_SWT_Projekt_SS14\THM_SWT_Projekt_SS14\Debug\link.8180.read.1.tlog
D:\GitHub\THM_SWT_Projekt\THM_SWT_Projekt_SS14\THM_SWT_Projekt_SS14\Debug\link.8180.write.1.tlog
D:\GitHub\THM_SWT_Projekt\THM_SWT_Projekt_SS14\THM_SWT_Projekt_SS14\Debug\link.8800-cvtres.read.1.tlog
D:\GitHub\THM_SWT_Projekt\THM_SWT_Projekt_SS14\THM_SWT_Projekt_SS14\Debug\link.8800-cvtres.write.1.tlog
D:\GitHub\THM_SWT_Projekt\THM_SWT_Projekt_SS14\THM_SWT_Projekt_SS14\Debug\link.8800-rc.read.1.tlog
D:\GitHub\THM_SWT_Projekt\THM_SWT_Projekt_SS14\THM_SWT_Projekt_SS14\Debug\link.8800-rc.write.1.tlog
D:\GitHub\THM_SWT_Projekt\THM_SWT_Projekt_SS14\THM_SWT_Projekt_SS14\Debug\link.8800.read.1.tlog
D:\GitHub\THM_SWT_Projekt\THM_SWT_Projekt_SS14\THM_SWT_Projekt_SS14\Debug\link.8800.write.1.tlog
D:\GitHub\THM_SWT_Projekt\THM_SWT_Projekt_SS14\THM_SWT_Projekt_SS14\Debug\link.9732-cvtres.read.1.tlog
D:\GitHub\THM_SWT_Projekt\THM_SWT_Projekt_SS14\THM_SWT_Projekt_SS14\Debug\link.9732-cvtres.write.1.tlog
D:\GitHub\THM_SWT_Projekt\THM_SWT_Projekt_SS14\THM_SWT_Projekt_SS14\Debug\link.9732-rc.read.1.tlog
D:\GitHub\THM_SWT_Projekt\THM_SWT_Projekt_SS14\THM_SWT_Projekt_SS14\Debug\link.9732-rc.write.1.tlog
D:\GitHub\THM_SWT_Projekt\THM_SWT_Projekt_SS14\THM_SWT_Projekt_SS14\Debug\link.9732.read.1.tlog
D:\GitHub\THM_SWT_Projekt\THM_SWT_Projekt_SS14\THM_SWT_Projekt_SS14\Debug\link.9732.write.1.tlog
D:\GitHub\THM_SWT_Projekt\THM_SWT_Projekt_SS14\THM_SWT_Projekt_SS14\Debug\link.command.1.tlog
D:\GitHub\THM_SWT_Projekt\THM_SWT_Projekt_SS14\THM_SWT_Projekt_SS14\Debug\link.read.1.tlog
D:\GitHub\THM_SWT_Projekt\THM_SWT_Projekt_SS14\THM_SWT_Projekt_SS14\Debug\link.write.1.tlog
D:\GitHub\THM_SWT_Projekt\THM_SWT_Projekt_SS14\THM_SWT_Projekt_SS14\Debug\metagen.read.1.tlog
D:\GitHub\THM_SWT_Projekt\THM_SWT_Projekt_SS14\THM_SWT_Projekt_SS14\Debug\metagen.write.1.tlog
D:\GitHub\THM_SWT_Projekt\THM_SWT_Projekt_SS14\THM_SWT_Projekt_SS14\Debug\vc110.pdb
D:\GitHub\THM_SWT_Projekt\THM_SWT_Projekt_SS14\THM_SWT_Projekt_SS14\Debug\RSAENH.DLL.bi
D:\GitHub\THM_SWT_Projekt\THM_SWT_Projekt_SS14\THM_SWT_Projekt_SS14\Debug\TZRES.DLL.bi
D:\GitHub\THM_SWT_Projekt\THM_SWT_Projekt_SS14\Debug\THM_SWT_Projekt_SS14.pdb
D:\GitHub\THM_SWT_Projekt\THM_SWT_Projekt_SS14\Debug\THM_SWT_Projekt_SS14.exe
D:\GitHub\THM_SWT_Projekt\THM_SWT_Projekt_SS14\Debug\THM_SWT_Projekt_SS14.ilk
