Der Buildvorgang wurde am 18.07.2014 12:09:50 gestartet.
     1>Projekt "C:\Users\Fabian\documents\visual studio 2012\Projects\SWT_Projekt_Temperaturanzeige\SWT_Projekt_Temperaturanzeige\SWT_Projekt_Temperaturanzeige.vcxproj" auf Knoten "2", Build Ziel(e).
     1>ClCompile:
         C:\Program Files (x86)\Microsoft Visual Studio 11.0\VC\bin\CL.exe /c /AI"C:\Program Files (x86)\Reference Assemblies\Microsoft\Framework\.NETFramework\v4.5\\" /AI"C:\Program Files (x86)\Windows Kits\8.0\References\CommonConfiguration\Neutral" /AI"C:\Program Files (x86)\Reference Assemblies\Microsoft\Framework\.NETFramework\v4.5\Facades\\" /Zi /clr /nologo /W3 /WX- /Od /Oy- /D WIN32 /D _DEBUG /D _UNICODE /D UNICODE /EHa /MDd /GS /fp:precise /Zc:wchar_t /Zc:forScope /Fo"Debug\\" /Fd"Debug\vc110.pdb" /TP /FU"C:\Program Files (x86)\Reference Assemblies\Microsoft\Framework\.NETFramework\v4.5\mscorlib.dll" /analyze- /errorReport:prompt /clr:nostdlib Controller.cpp
         Controller.cpp
     1>Controller.cpp(15): warning C4996: '_sleep': This function or variable has been superceded by newer library or operating system functionality. Consider using Sleep instead. See online help for details.
                 C:\Program Files (x86)\Microsoft Visual Studio 11.0\VC\include\stdlib.h(881): Siehe Deklaration von '_sleep'
       Link:
         C:\Program Files (x86)\Microsoft Visual Studio 11.0\VC\bin\link.exe /ERRORREPORT:PROMPT /OUT:"C:\Users\Fabian\documents\visual studio 2012\Projects\SWT_Projekt_Temperaturanzeige\Debug\SWT_Projekt_Temperaturanzeige.exe" /INCREMENTAL /NOLOGO "C:\libcurl-7.19.3-win32-ssl-msvc\lib\Debug\curllib.lib" kernel32.lib user32.lib gdi32.lib winspool.lib comdlg32.lib advapi32.lib shell32.lib ole32.lib oleaut32.lib uuid.lib odbc32.lib odbccp32.lib /MANIFEST /MANIFESTUAC:"level='asInvoker' uiAccess='false'" /manifest:embed /DEBUG /PDB:"C:\Users\Fabian\documents\visual studio 2012\Projects\SWT_Projekt_Temperaturanzeige\Debug\SWT_Projekt_Temperaturanzeige.pdb" /ASSEMBLYDEBUG /TLBID:1 /DYNAMICBASE /FIXED:NO /NXCOMPAT /MACHINE:X86 Debug\Controller.obj
         Debug\HTTPDownloader.obj
         Debug\main.obj
         Debug\Model.obj
         Debug\Observer_Balken.obj
         Debug\Observer_Dots.obj
         Debug\Observer_Graph.obj
         Debug\Observer_Text.obj
         "Debug\.NETFramework,Version=v4.5.AssemblyAttributes.obj"
         SWT_Projekt_Temperaturanzeige.vcxproj -> C:\Users\Fabian\documents\visual studio 2012\Projects\SWT_Projekt_Temperaturanzeige\Debug\SWT_Projekt_Temperaturanzeige.exe
     1>Die Erstellung des Projekts "C:\Users\Fabian\documents\visual studio 2012\Projects\SWT_Projekt_Temperaturanzeige\SWT_Projekt_Temperaturanzeige\SWT_Projekt_Temperaturanzeige.vcxproj" ist abgeschlossen, Build Ziel(e).

Build erfolgreich.

Verstrichene Zeit 00:00:01.86
