C:\USERS\FABIAN\DOCUMENTS\VISUAL STUDIO 2012\PROJECTS\SWT_PROJEKT_TEMPERATURANZEIGE\SWT_PROJEKT_TEMPERATURANZEIGE\DEBUG\OBSERVER_TEXT.OBJ
C:\USERS\FABIAN\DOCUMENTS\VISUAL STUDIO 2012\PROJECTS\SWT_PROJEKT_TEMPERATURANZEIGE\SWT_PROJEKT_TEMPERATURANZEIGE\DEBUG\OBSERVER_GRAPH.OBJ
C:\USERS\FABIAN\DOCUMENTS\VISUAL STUDIO 2012\PROJECTS\SWT_PROJEKT_TEMPERATURANZEIGE\SWT_PROJEKT_TEMPERATURANZEIGE\DEBUG\OBSERVER_DOTS.OBJ
C:\USERS\FABIAN\DOCUMENTS\VISUAL STUDIO 2012\PROJECTS\SWT_PROJEKT_TEMPERATURANZEIGE\SWT_PROJEKT_TEMPERATURANZEIGE\DEBUG\OBSERVER_BALKEN.OBJ
C:\USERS\FABIAN\DOCUMENTS\VISUAL STUDIO 2012\PROJECTS\SWT_PROJEKT_TEMPERATURANZEIGE\SWT_PROJEKT_TEMPERATURANZEIGE\DEBUG\MODEL.OBJ
C:\USERS\FABIAN\DOCUMENTS\VISUAL STUDIO 2012\PROJECTS\SWT_PROJEKT_TEMPERATURANZEIGE\SWT_PROJEKT_TEMPERATURANZEIGE\DEBUG\MAIN.OBJ
C:\USERS\FABIAN\DOCUMENTS\VISUAL STUDIO 2012\PROJECTS\SWT_PROJEKT_TEMPERATURANZEIGE\SWT_PROJEKT_TEMPERATURANZEIGE\DEBUG\HTTPDOWNLOADER.OBJ
C:\USERS\FABIAN\DOCUMENTS\VISUAL STUDIO 2012\PROJECTS\SWT_PROJEKT_TEMPERATURANZEIGE\SWT_PROJEKT_TEMPERATURANZEIGE\DEBUG\CONTROLLER.OBJ
C:\USERS\FABIAN\DOCUMENTS\VISUAL STUDIO 2012\PROJECTS\SWT_PROJEKT_TEMPERATURANZEIGE\SWT_PROJEKT_TEMPERATURANZEIGE\DEBUG\VC110.PDB
C:\USERS\FABIAN\DOCUMENTS\VISUAL STUDIO 2012\PROJECTS\SWT_PROJEKT_TEMPERATURANZEIGE\SWT_PROJEKT_TEMPERATURANZEIGE\DEBUG\.NETFRAMEWORK,VERSION=V4.5.ASSEMBLYATTRIBUTES.OBJ
C:\USERS\FABIAN\DOCUMENTS\VISUAL STUDIO 2012\PROJECTS\SWT_PROJEKT_TEMPERATURANZEIGE\DEBUG\SWT_PROJEKT_TEMPERATURANZEIGE.ILK
C:\USERS\FABIAN\DOCUMENTS\VISUAL STUDIO 2012\PROJECTS\SWT_PROJEKT_TEMPERATURANZEIGE\DEBUG\SWT_PROJEKT_TEMPERATURANZEIGE.EXE
C:\USERS\FABIAN\DOCUMENTS\VISUAL STUDIO 2012\PROJECTS\SWT_PROJEKT_TEMPERATURANZEIGE\DEBUG\SWT_PROJEKT_TEMPERATURANZEIGE.PDB
C:\Users\Fabian\documents\visual studio 2012\Projects\SWT_Projekt_Temperaturanzeige\SWT_Projekt_Temperaturanzeige\Debug\.NETFramework,Version=v4.5.AssemblyAttributes.obj
C:\Users\Fabian\documents\visual studio 2012\Projects\SWT_Projekt_Temperaturanzeige\SWT_Projekt_Temperaturanzeige\Debug\Controller.obj
C:\Users\Fabian\documents\visual studio 2012\Projects\SWT_Projekt_Temperaturanzeige\SWT_Projekt_Temperaturanzeige\Debug\HTTPDownloader.obj
C:\Users\Fabian\documents\visual studio 2012\Projects\SWT_Projekt_Temperaturanzeige\SWT_Projekt_Temperaturanzeige\Debug\main.obj
C:\Users\Fabian\documents\visual studio 2012\Projects\SWT_Projekt_Temperaturanzeige\SWT_Projekt_Temperaturanzeige\Debug\Model.obj
C:\Users\Fabian\documents\visual studio 2012\Projects\SWT_Projekt_Temperaturanzeige\SWT_Projekt_Temperaturanzeige\Debug\Observer_Balken.obj
C:\Users\Fabian\documents\visual studio 2012\Projects\SWT_Projekt_Temperaturanzeige\SWT_Projekt_Temperaturanzeige\Debug\Observer_Dots.obj
C:\Users\Fabian\documents\visual studio 2012\Projects\SWT_Projekt_Temperaturanzeige\SWT_Projekt_Temperaturanzeige\Debug\Observer_Graph.obj
C:\Users\Fabian\documents\visual studio 2012\Projects\SWT_Projekt_Temperaturanzeige\SWT_Projekt_Temperaturanzeige\Debug\Observer_Text.obj
C:\Users\Fabian\documents\visual studio 2012\Projects\SWT_Projekt_Temperaturanzeige\SWT_Projekt_Temperaturanzeige\Debug\cl.command.1.tlog
C:\Users\Fabian\documents\visual studio 2012\Projects\SWT_Projekt_Temperaturanzeige\SWT_Projekt_Temperaturanzeige\Debug\CL.read.1.tlog
C:\Users\Fabian\documents\visual studio 2012\Projects\SWT_Projekt_Temperaturanzeige\SWT_Projekt_Temperaturanzeige\Debug\CL.write.1.tlog
C:\Users\Fabian\documents\visual studio 2012\Projects\SWT_Projekt_Temperaturanzeige\SWT_Projekt_Temperaturanzeige\Debug\link.3588-cvtres.read.1.tlog
C:\Users\Fabian\documents\visual studio 2012\Projects\SWT_Projekt_Temperaturanzeige\SWT_Projekt_Temperaturanzeige\Debug\link.3588-cvtres.write.1.tlog
C:\Users\Fabian\documents\visual studio 2012\Projects\SWT_Projekt_Temperaturanzeige\SWT_Projekt_Temperaturanzeige\Debug\link.3588-rc.read.1.tlog
C:\Users\Fabian\documents\visual studio 2012\Projects\SWT_Projekt_Temperaturanzeige\SWT_Projekt_Temperaturanzeige\Debug\link.3588-rc.write.1.tlog
C:\Users\Fabian\documents\visual studio 2012\Projects\SWT_Projekt_Temperaturanzeige\SWT_Projekt_Temperaturanzeige\Debug\link.3588.read.1.tlog
C:\Users\Fabian\documents\visual studio 2012\Projects\SWT_Projekt_Temperaturanzeige\SWT_Projekt_Temperaturanzeige\Debug\link.3588.write.1.tlog
C:\Users\Fabian\documents\visual studio 2012\Projects\SWT_Projekt_Temperaturanzeige\SWT_Projekt_Temperaturanzeige\Debug\link.command.1.tlog
C:\Users\Fabian\documents\visual studio 2012\Projects\SWT_Projekt_Temperaturanzeige\SWT_Projekt_Temperaturanzeige\Debug\link.read.1.tlog
C:\Users\Fabian\documents\visual studio 2012\Projects\SWT_Projekt_Temperaturanzeige\SWT_Projekt_Temperaturanzeige\Debug\link.write.1.tlog
C:\Users\Fabian\documents\visual studio 2012\Projects\SWT_Projekt_Temperaturanzeige\SWT_Projekt_Temperaturanzeige\Debug\metagen.read.1.tlog
C:\Users\Fabian\documents\visual studio 2012\Projects\SWT_Projekt_Temperaturanzeige\SWT_Projekt_Temperaturanzeige\Debug\metagen.write.1.tlog
C:\Users\Fabian\documents\visual studio 2012\Projects\SWT_Projekt_Temperaturanzeige\SWT_Projekt_Temperaturanzeige\Debug\vc110.pdb
C:\Users\Fabian\documents\visual studio 2012\Projects\SWT_Projekt_Temperaturanzeige\SWT_Projekt_Temperaturanzeige\Debug\TZRES.DLL.bi
C:\Users\Fabian\documents\visual studio 2012\Projects\SWT_Projekt_Temperaturanzeige\Debug\SWT_Projekt_Temperaturanzeige.pdb
C:\Users\Fabian\documents\visual studio 2012\Projects\SWT_Projekt_Temperaturanzeige\Debug\SWT_Projekt_Temperaturanzeige.exe
C:\Users\Fabian\documents\visual studio 2012\Projects\SWT_Projekt_Temperaturanzeige\Debug\SWT_Projekt_Temperaturanzeige.ilk
